<?xml version="1.0" encoding="UTF-8"?>
<Site BuildName="Win32-ninja"
	BuildStamp="20240921-1920-Continuous"
	Name="DESKTOP-PIOA5NP"
	Generator="ctest-3.27.8"
	CompilerName="C:/Program Files/JetBrains/CLion 2023.3.3/bin/mingw/bin/g++.exe"
	CompilerVersion="13.1.0"
	OSName="Windows"
	Hostname="DESKTOP-PIOA5NP"
	OSRelease=" Personal"
	OSVersion=" (Build 19045)"
	OSPlatform="AMD64"
	Is64Bits="1"
	VendorString="AuthenticAMD"
	VendorID="Advanced Micro Devices"
	FamilyID="15"
	ModelID="0"
	ProcessorCacheSize="64"
	NumberOfLogicalCPU="12"
	NumberOfPhysicalCPU="6"
	TotalVirtualMemory="21909"
	TotalPhysicalMemory="14229"
	LogicalProcessorsPerPhysical="2"
	ProcessorClockFrequency="3892"
	>
	<Build>
		<StartDateTime>Sep 21 12:20 Pacific Daylight Time</StartDateTime>
		<StartBuildTime>1726946440</StartBuildTime>
		<BuildCommand>"C:\Program Files\JetBrains\CLion 2023.3.3\bin\cmake\win\x64\bin\cmake.exe" --build . --config "Release"</BuildCommand>
		<Log Encoding="base64" Compression="bin/gzip"/>
		<EndDateTime>Sep 21 12:20 Pacific Daylight Time</EndDateTime>
		<EndBuildTime>1726946440</EndBuildTime>
		<ElapsedMinutes>0</ElapsedMinutes>
	</Build>
</Site>
